Unity Editor version:    2020.3.22f1 (e1a7f79fd887)
Branch:                  2020.3/staging
Build type:              Release
Batch mode:              YES
macOS version:           Version 11.6 (Build 20G165)
Darwin version:          20.6.0
Architecture:            x86_64
Running under Rosetta:   YES
Available memory:        16384 MB
Using pre-set license
Pro License: NO

COMMAND LINE ARGUMENTS:
/Applications/Unity/Hub/Editor/2020.3.22f1/Unity.app/Contents/MacOS/Unity
-adb2
-batchMode
-noUpm
-name
AssetImportWorker0
-projectPath
/Users/greggo/Desktop/HETIC/T3D/Don't mess with Christmas
-logFile
Logs/AssetImportWorker0.log
-srvPort
55390
Successfully changed project path to: /Users/greggo/Desktop/HETIC/T3D/Don't mess with Christmas
/Users/greggo/Desktop/HETIC/T3D/Don't mess with Christmas
Using Asset Import Pipeline V2.
Refreshing native plugins compatible for Editor in 30.66 ms, found 2 plugins.
Preloading 0 native plugins for Editor in 0.00 ms.
Initialize engine version: 2020.3.22f1 (e1a7f79fd887)
[Subsystems] Discovering subsystems at path /Applications/Unity/Hub/Editor/2020.3.22f1/Unity.app/Contents/Resources/UnitySubsystems
[Subsystems] Discovering subsystems at path /Users/greggo/Desktop/HETIC/T3D/Don't mess with Christmas/Assets
GfxDevice: creating device client; threaded=0
2021-11-16 11:24:12.939 Unity[28737:11951337] (null) preferred device: Apple M1 (high power)
2021-11-16 11:24:12.939 Unity[28737:11951337] Metal devices available: 1
2021-11-16 11:24:12.939 Unity[28737:11951337] 0: Apple M1 (high power)
2021-11-16 11:24:12.939 Unity[28737:11951337] Using device Apple M1 (high power)
Initializing Metal device caps: Apple M1
Initialize mono
Mono path[0] = '/Applications/Unity/Hub/Editor/2020.3.22f1/Unity.app/Contents/Managed'
Mono path[1] = '/Applications/Unity/Hub/Editor/2020.3.22f1/Unity.app/Contents/MonoBleedingEdge/lib/mono/unityjit'
Mono config path = '/Applications/Unity/Hub/Editor/2020.3.22f1/Unity.app/Contents/MonoBleedingEdge/etc'
Using monoOptions --debugger-agent=transport=dt_socket,embedding=1,server=y,suspend=n,address=127.0.0.1:56737
Begin MonoManager ReloadAssembly
Registering precompiled unity dll's ...
Register platform support module: /Applications/Unity/Hub/Editor/2020.3.22f1/Unity.app/Contents/PlaybackEngines/MacStandaloneSupport/UnityEditor.OSXStandalone.Extensions.dll
Registered in 0.001161 seconds.
Native extension for OSXStandalone target not found
Refreshing native plugins compatible for Editor in 28.73 ms, found 2 plugins.
Preloading 0 native plugins for Editor in 0.00 ms.
Mono: successfully reloaded assembly
- Completed reload, in  2.221 seconds
Domain Reload Profiling:
	ReloadAssembly (2222ms)
		BeginReloadAssembly (88ms)
			ExecutionOrderSort (0ms)
			DisableScriptedObjects (0ms)
			BackupInstance (0ms)
			ReleaseScriptingObjects (0ms)
			CreateAndSetChildDomain (3ms)
		EndReloadAssembly (1021ms)
			LoadAssemblies (86ms)
			RebuildTransferFunctionScriptingTraits (0ms)
			SetupTypeCache (180ms)
			ReleaseScriptCaches (0ms)
			RebuildScriptCaches (44ms)
			SetupLoadedEditorAssemblies (516ms)
				LogAssemblyErrors (0ms)
				InitializePlatformSupportModulesInManaged (10ms)
				SetLoadedEditorAssemblies (0ms)
				RefreshPlugins (29ms)
				BeforeProcessingInitializeOnLoad (21ms)
				ProcessInitializeOnLoadAttributes (341ms)
				ProcessInitializeOnLoadMethodAttributes (114ms)
				AfterProcessingInitializeOnLoad (0ms)
				EditorAssembliesLoaded (1ms)
			ExecutionOrderSort2 (0ms)
			AwakeInstancesAfterBackupRestoration (0ms)
Platform modules already initialized, skipping
Registering precompiled user dll's ...
Registered in 0.003492 seconds.
Begin MonoManager ReloadAssembly
Native extension for OSXStandalone target not found
Refreshing native plugins compatible for Editor in 0.30 ms, found 2 plugins.
Preloading 0 native plugins for Editor in 0.00 ms.
Mono: successfully reloaded assembly
- Completed reload, in  2.310 seconds
Domain Reload Profiling:
	ReloadAssembly (2313ms)
		BeginReloadAssembly (292ms)
			ExecutionOrderSort (0ms)
			DisableScriptedObjects (37ms)
			BackupInstance (0ms)
			ReleaseScriptingObjects (0ms)
			CreateAndSetChildDomain (45ms)
		EndReloadAssembly (1919ms)
			LoadAssemblies (193ms)
			RebuildTransferFunctionScriptingTraits (0ms)
			SetupTypeCache (325ms)
			ReleaseScriptCaches (1ms)
			RebuildScriptCaches (55ms)
			SetupLoadedEditorAssemblies (1098ms)
				LogAssemblyErrors (0ms)
				InitializePlatformSupportModulesInManaged (15ms)
				SetLoadedEditorAssemblies (1ms)
				RefreshPlugins (0ms)
				BeforeProcessingInitializeOnLoad (114ms)
				ProcessInitializeOnLoadAttributes (939ms)
				ProcessInitializeOnLoadMethodAttributes (28ms)
				AfterProcessingInitializeOnLoad (1ms)
				EditorAssembliesLoaded (0ms)
			ExecutionOrderSort2 (0ms)
			AwakeInstancesAfterBackupRestoration (33ms)
Platform modules already initialized, skipping
Validating Project structure ... 0.001475 seconds.
Shader import version has changed; will reimport all shaders...
Upgrading shader files ...0.001762 seconds.
Application.AssetDatabase Initial Script Refresh Start
RefreshInfo: InitialScriptRefreshV2(NoUpdateAssetOptions) scanfilter:  ... 1 filters
RefreshProfiler: Total: 0.000ms
Application.AssetDatabase Initial Script Refresh End
Application.AssetDatabase.Refresh Start
Application.AssetDatabase.Refresh End
RefreshInfo: StopAssetImportingV2(ForceSynchronousImport) scanfilter: 
RefreshProfiler: Total: 0.000ms
Launching external process: /Applications/Unity/Hub/Editor/2020.3.22f1/Unity.app/Contents/Tools/UnityShaderCompiler
Launched and connected shader compiler UnityShaderCompiler after 0.02 seconds
Initializing Unity extensions:
========================================================================
Worker process is ready to serve import requests
Refreshing native plugins compatible for Editor in 0.18 ms, found 2 plugins.
Preloading 0 native plugins for Editor in 0.00 ms.
Unloading 1489 Unused Serialized files (Serialized files now loaded: 0)
System memory in use before: 164.0 MB.
System memory in use after: 163.2 MB.

Unloading 80 unused Assets to reduce memory usage. Loaded Objects now: 1960.
Total: 2.417333 ms (FindLiveObjects: 0.095250 ms CreateObjectMapping: 0.028500 ms MarkObjects: 1.904166 ms  DeleteObjects: 0.388708 ms)

AssetImportParameters requested are different than current active one (requested -> active):
  custom:video-decoder-ogg-theora: a1e56fd34408186e4bbccfd4996cb3dc -> 
  custom:container-muxer-webm: aa71ff27fc2769a1b78a27578f13a17b -> 
  custom:container-demuxer-webm: 4f35f7cbe854078d1ac9338744f61a02 -> 
  custom:container-demuxer-ogg: 62fdf1f143b41e24485cea50d1cbac27 -> 
  custom:video-encoder-webm-vp8: eb34c28f22e8b96e1ab97ce403110664 -> 
  custom:framework-osx-AVFoundation: e770b220cccbd017edd2c1fefb359320 -> 
  custom:video-decoder-webm-vp8: 9c59270c3fd7afecdb556c50c9e8de78 -> 
  custom:audio-decoder-ogg-vorbis: bf7c407c2cedff20999df2af8eb42d56 -> 
  custom:audio-encoder-webm-vorbis: bf7c407c2cedff20999df2af8eb42d56 -> 
========================================================================
Received Import Request.
  path: Assets/Scenes
  artifactKey: Guid(a01e597ac2bf54d00aaa6a564ddb6c8f) Importer(815301076,1909f56bfc062723c751e8b465ee728b)
Start importing Assets/Scenes using Guid(a01e597ac2bf54d00aaa6a564ddb6c8f) Importer(815301076,1909f56bfc062723c751e8b465ee728b)  -> (artifact id: '929f26bf18f6f360df4624e28903808e') in 0.005160 seconds 
  Import took 0.006943 seconds .

========================================================================
Received Import Request.
  Time since last request: 0.000220 seconds.
  path: Assets/Scenes/SampleScene.unity
  artifactKey: Guid(9fc0d4010bbf28b4594072e72b8655ab) Importer(815301076,1909f56bfc062723c751e8b465ee728b)
Start importing Assets/Scenes/SampleScene.unity using Guid(9fc0d4010bbf28b4594072e72b8655ab) Importer(815301076,1909f56bfc062723c751e8b465ee728b)  -> (artifact id: '85059f4f9e1a832ed95adaa0d25c5c4c') in 0.015347 seconds 
  Import took 0.016962 seconds .

========================================================================
Received Import Request.
  Time since last request: 16.762236 seconds.
  path: Assets/RPGPP_LT/Prefabs
  artifactKey: Guid(5418b837466e9e540a4c9142c8646667) Importer(815301076,1909f56bfc062723c751e8b465ee728b)
Start importing Assets/RPGPP_LT/Prefabs using Guid(5418b837466e9e540a4c9142c8646667) Importer(815301076,1909f56bfc062723c751e8b465ee728b)  -> (artifact id: '65c38156f849dfbdbfa14dc5281b58eb') in 0.001254 seconds 
  Import took 0.004802 seconds .

========================================================================
Received Import Request.
  Time since last request: 2.864849 seconds.
  path: Assets/RPGPP_LT/Prefabs/Nature
  artifactKey: Guid(caa53d26110620c4796425b9e20eb673) Importer(815301076,1909f56bfc062723c751e8b465ee728b)
Start importing Assets/RPGPP_LT/Prefabs/Nature using Guid(caa53d26110620c4796425b9e20eb673) Importer(815301076,1909f56bfc062723c751e8b465ee728b)  -> (artifact id: '0f1983618839d900946003fbc69d7b8d') in 0.001277 seconds 
  Import took 0.004941 seconds .

========================================================================
Received Import Request.
  Time since last request: 1.774824 seconds.
  path: Assets/RPGPP_LT/Prefabs/Nature/Vegetation
  artifactKey: Guid(1f67d8c4e62c4144392c50846992f7be) Importer(815301076,1909f56bfc062723c751e8b465ee728b)
Start importing Assets/RPGPP_LT/Prefabs/Nature/Vegetation using Guid(1f67d8c4e62c4144392c50846992f7be) Importer(815301076,1909f56bfc062723c751e8b465ee728b)  -> (artifact id: 'affb85c5ee387e2c0a72000324ee480a') in 0.001275 seconds 
  Import took 0.004803 seconds .

========================================================================
Received Import Request.
  Time since last request: 8.112768 seconds.
  path: Assets/RPGPP_LT/Prefabs/Structures
  artifactKey: Guid(89fac321af2bad14eb25a5915717f85a) Importer(815301076,1909f56bfc062723c751e8b465ee728b)
Start importing Assets/RPGPP_LT/Prefabs/Structures using Guid(89fac321af2bad14eb25a5915717f85a) Importer(815301076,1909f56bfc062723c751e8b465ee728b)  -> (artifact id: '828635cc2f755d053c3884190e671ca4') in 0.001359 seconds 
  Import took 0.004794 seconds .

========================================================================
Received Import Request.
  Time since last request: 1.286933 seconds.
  path: Assets/RPGPP_LT/Prefabs/Structures/Buildings
  artifactKey: Guid(40dd8cc9b6443a34fb7dd3c39d08074e) Importer(815301076,1909f56bfc062723c751e8b465ee728b)
Start importing Assets/RPGPP_LT/Prefabs/Structures/Buildings using Guid(40dd8cc9b6443a34fb7dd3c39d08074e) Importer(815301076,1909f56bfc062723c751e8b465ee728b)  -> (artifact id: '5dd2642f5d81148ebc4269b00fed9889') in 0.001328 seconds 
  Import took 0.005104 seconds .

========================================================================
Received Import Request.
  Time since last request: 0.743591 seconds.
  path: Assets/RPGPP_LT/Prefabs/Structures/Buildings/Bld_closed
  artifactKey: Guid(361af5be93a94d047835c7a3fc2e0f08) Importer(815301076,1909f56bfc062723c751e8b465ee728b)
Start importing Assets/RPGPP_LT/Prefabs/Structures/Buildings/Bld_closed using Guid(361af5be93a94d047835c7a3fc2e0f08) Importer(815301076,1909f56bfc062723c751e8b465ee728b)  -> (artifact id: '304429ca724ab6507a08c37314a042a6') in 0.001403 seconds 
  Import took 0.005202 seconds .

========================================================================
Received Import Request.
  Time since last request: 0.079114 seconds.
  path: Assets/RPGPP_LT/Prefabs/Structures/Buildings/Bld_closed/rpgpp_lt_building_01.prefab
  artifactKey: Guid(cd87e5026d1695148aabe96121c526ef) Importer(815301076,1909f56bfc062723c751e8b465ee728b)
Start importing Assets/RPGPP_LT/Prefabs/Structures/Buildings/Bld_closed/rpgpp_lt_building_01.prefab using Guid(cd87e5026d1695148aabe96121c526ef) Importer(815301076,1909f56bfc062723c751e8b465ee728b)  -> (artifact id: '5186c5d17be294171dc2e66af1a2e67a') in 0.977562 seconds 
  Import took 0.980317 seconds .

========================================================================
Received Import Request.
  Time since last request: 0.002286 seconds.
  path: Assets/RPGPP_LT/Prefabs/Structures/Buildings/Bld_closed/rpgpp_lt_building_02.prefab
  artifactKey: Guid(2767c12992d890f44b14f433fe854668) Importer(815301076,1909f56bfc062723c751e8b465ee728b)
Start importing Assets/RPGPP_LT/Prefabs/Structures/Buildings/Bld_closed/rpgpp_lt_building_02.prefab using Guid(2767c12992d890f44b14f433fe854668) Importer(815301076,1909f56bfc062723c751e8b465ee728b)  -> (artifact id: 'b6d7e68b22ac0fe215955098bc69441e') in 0.014978 seconds 
  Import took 0.016869 seconds .

========================================================================
Received Import Request.
  Time since last request: 0.000275 seconds.
  path: Assets/RPGPP_LT/Prefabs/Structures/Buildings/Bld_closed/rpgpp_lt_building_03.prefab
  artifactKey: Guid(2b519101e10d4a74580d4c86ac9e03e6) Importer(815301076,1909f56bfc062723c751e8b465ee728b)
Start importing Assets/RPGPP_LT/Prefabs/Structures/Buildings/Bld_closed/rpgpp_lt_building_03.prefab using Guid(2b519101e10d4a74580d4c86ac9e03e6) Importer(815301076,1909f56bfc062723c751e8b465ee728b)  -> (artifact id: '5f98bbe270b48503e942a5db33c8e732') in 0.008456 seconds 
  Import took 0.010379 seconds .

========================================================================
Received Import Request.
  Time since last request: 0.000281 seconds.
  path: Assets/RPGPP_LT/Prefabs/Structures/Buildings/Bld_closed/rpgpp_lt_building_04.prefab
  artifactKey: Guid(71442e8cd72511e4fabb72f1a2cc82dd) Importer(815301076,1909f56bfc062723c751e8b465ee728b)
Start importing Assets/RPGPP_LT/Prefabs/Structures/Buildings/Bld_closed/rpgpp_lt_building_04.prefab using Guid(71442e8cd72511e4fabb72f1a2cc82dd) Importer(815301076,1909f56bfc062723c751e8b465ee728b)  -> (artifact id: '74f146d0e0a125e3aee117a528ba656c') in 0.008359 seconds 
  Import took 0.010501 seconds .

========================================================================
Received Import Request.
  Time since last request: 0.000206 seconds.
  path: Assets/RPGPP_LT/Prefabs/Structures/Buildings/Bld_closed/rpgpp_lt_building_05.prefab
  artifactKey: Guid(386f40ad68cdd3c4fbcb471ef2d93772) Importer(815301076,1909f56bfc062723c751e8b465ee728b)
Start importing Assets/RPGPP_LT/Prefabs/Structures/Buildings/Bld_closed/rpgpp_lt_building_05.prefab using Guid(386f40ad68cdd3c4fbcb471ef2d93772) Importer(815301076,1909f56bfc062723c751e8b465ee728b)  -> (artifact id: 'e85182f3ebebe1492ca1f0ebc1ca391b') in 0.008087 seconds 
  Import took 0.010087 seconds .

========================================================================
Received Import Request.
  Time since last request: 17.279147 seconds.
  path: Assets/RPGPP_LT/Prefabs/Props
  artifactKey: Guid(4074df064ec1ac341a3d1ad54cefc56a) Importer(815301076,1909f56bfc062723c751e8b465ee728b)
Start importing Assets/RPGPP_LT/Prefabs/Props using Guid(4074df064ec1ac341a3d1ad54cefc56a) Importer(815301076,1909f56bfc062723c751e8b465ee728b)  -> (artifact id: 'e140c4ab701e7b6f89e21f7ace0af001') in 0.001113 seconds 
  Import took 0.004822 seconds .

========================================================================
Received Import Request.
  Time since last request: 3.394311 seconds.
  path: Assets/RPGPP_LT/Prefabs/Props/Wood
  artifactKey: Guid(02e35356e96446740bb0b519e7fd9289) Importer(815301076,1909f56bfc062723c751e8b465ee728b)
Start importing Assets/RPGPP_LT/Prefabs/Props/Wood using Guid(02e35356e96446740bb0b519e7fd9289) Importer(815301076,1909f56bfc062723c751e8b465ee728b)  -> (artifact id: 'f02d69ac5ba9a79650527452e187341c') in 0.001193 seconds 
  Import took 0.004769 seconds .

========================================================================
Received Import Request.
  Time since last request: 0.069956 seconds.
  path: Assets/RPGPP_LT/Prefabs/Props/Wood/rpgpp_lt_log_wood_01.prefab
  artifactKey: Guid(bbb972e8372282f4093c9484693385fd) Importer(815301076,1909f56bfc062723c751e8b465ee728b)
Start importing Assets/RPGPP_LT/Prefabs/Props/Wood/rpgpp_lt_log_wood_01.prefab using Guid(bbb972e8372282f4093c9484693385fd) Importer(815301076,1909f56bfc062723c751e8b465ee728b)  -> (artifact id: '1113a5de6eb3c9b8ecbe8ba2b0c2730c') in 0.014241 seconds 
  Import took 0.017374 seconds .

========================================================================
Received Import Request.
  Time since last request: 256.535946 seconds.
  path: Assets/RPGPP_LT/Prefabs/Structures/Parts
  artifactKey: Guid(5b7738eafaaea9f4ca3069d3dfbee10a) Importer(815301076,1909f56bfc062723c751e8b465ee728b)
Start importing Assets/RPGPP_LT/Prefabs/Structures/Parts using Guid(5b7738eafaaea9f4ca3069d3dfbee10a) Importer(815301076,1909f56bfc062723c751e8b465ee728b)  -> (artifact id: 'dbbf754a4fce7528f9b663d0bcda07be') in 0.001926 seconds 
  Import took 0.005489 seconds .

========================================================================
Received Import Request.
  Time since last request: 1.035918 seconds.
  path: Assets/RPGPP_LT/Prefabs/Structures/Parts/Wood_path
  artifactKey: Guid(922a8b08dfab11944b459f549979fcaa) Importer(815301076,1909f56bfc062723c751e8b465ee728b)
Start importing Assets/RPGPP_LT/Prefabs/Structures/Parts/Wood_path using Guid(922a8b08dfab11944b459f549979fcaa) Importer(815301076,1909f56bfc062723c751e8b465ee728b)  -> (artifact id: 'a6ca5989b4afa7a1fc2853293066bddd') in 0.001794 seconds 
  Import took 0.005563 seconds .

========================================================================
Received Import Request.
  Time since last request: 0.216032 seconds.
  path: Assets/RPGPP_LT/Prefabs/Structures/Parts/Wood_path/rpgpp_lt_wood_path_01a.prefab
  artifactKey: Guid(c96016c34e7be62488e588470988ef5b) Importer(815301076,1909f56bfc062723c751e8b465ee728b)
Start importing Assets/RPGPP_LT/Prefabs/Structures/Parts/Wood_path/rpgpp_lt_wood_path_01a.prefab using Guid(c96016c34e7be62488e588470988ef5b) Importer(815301076,1909f56bfc062723c751e8b465ee728b)  -> (artifact id: 'a045e8e89fb63402b6b154d52b58080c') in 0.014764 seconds 
  Import took 0.018924 seconds .

========================================================================
Received Import Request.
  Time since last request: 0.000329 seconds.
  path: Assets/RPGPP_LT/Prefabs/Structures/Parts/Wood_path/rpgpp_lt_wood_path_01b.prefab
  artifactKey: Guid(0ba258545da721e488ecb71ffd143b6f) Importer(815301076,1909f56bfc062723c751e8b465ee728b)
Start importing Assets/RPGPP_LT/Prefabs/Structures/Parts/Wood_path/rpgpp_lt_wood_path_01b.prefab using Guid(0ba258545da721e488ecb71ffd143b6f) Importer(815301076,1909f56bfc062723c751e8b465ee728b)  -> (artifact id: '6385d4e36a4f8f4211a7ffc76913c162') in 0.010890 seconds 
  Import took 0.013983 seconds .

========================================================================
Received Import Request.
  Time since last request: 6.288843 seconds.
  path: Assets/RPGPP_LT/Prefabs/Nature/Sky
  artifactKey: Guid(a4390f396a63a0c4687d3369d614194e) Importer(815301076,1909f56bfc062723c751e8b465ee728b)
Start importing Assets/RPGPP_LT/Prefabs/Nature/Sky using Guid(a4390f396a63a0c4687d3369d614194e) Importer(815301076,1909f56bfc062723c751e8b465ee728b)  -> (artifact id: 'c6787540115eab0bb120387105c69e34') in 0.001370 seconds 
  Import took 0.004988 seconds .

========================================================================
Received Import Request.
  Time since last request: 0.047874 seconds.
  path: Assets/RPGPP_LT/Prefabs/Nature/Sky/rpgpp_lt_cloud_01.prefab
  artifactKey: Guid(6fdeb1faa1b42904e9210dd047b256ba) Importer(815301076,1909f56bfc062723c751e8b465ee728b)
Start importing Assets/RPGPP_LT/Prefabs/Nature/Sky/rpgpp_lt_cloud_01.prefab using Guid(6fdeb1faa1b42904e9210dd047b256ba) Importer(815301076,1909f56bfc062723c751e8b465ee728b)  -> (artifact id: '9c2d895196eb80d04ed48e08774556a3') in 0.094581 seconds 
  Import took 0.097052 seconds .

========================================================================
Received Import Request.
  Time since last request: 0.000372 seconds.
  path: Assets/RPGPP_LT/Prefabs/Nature/Sky/rpgpp_lt_sky_01.prefab
  artifactKey: Guid(f31c6bb6e68212e41b0bcae74612a240) Importer(815301076,1909f56bfc062723c751e8b465ee728b)
Start importing Assets/RPGPP_LT/Prefabs/Nature/Sky/rpgpp_lt_sky_01.prefab using Guid(f31c6bb6e68212e41b0bcae74612a240) Importer(815301076,1909f56bfc062723c751e8b465ee728b)  -> (artifact id: '91097f47d73666f60cfa60a8c6d57496') in 0.087341 seconds 
  Import took 0.089158 seconds .

========================================================================
Received Import Request.
  Time since last request: 0.000294 seconds.
  path: Assets/RPGPP_LT/Prefabs/Nature/Sky/rpgpp_lt_cloud_02.prefab
  artifactKey: Guid(f661498175107c749a33d97304c423eb) Importer(815301076,1909f56bfc062723c751e8b465ee728b)
Start importing Assets/RPGPP_LT/Prefabs/Nature/Sky/rpgpp_lt_cloud_02.prefab using Guid(f661498175107c749a33d97304c423eb) Importer(815301076,1909f56bfc062723c751e8b465ee728b)  -> (artifact id: '59016c6f1eaeb6d9af60c3a74e458f97') in 0.006319 seconds 
  Import took 0.008187 seconds .

========================================================================
Received Import Request.
  Time since last request: 109.653763 seconds.
  path: Assets/RPGPP_LT/Prefabs/Nature/Terrain
  artifactKey: Guid(35a14bf03a52c0542aac7ef0d955d918) Importer(815301076,1909f56bfc062723c751e8b465ee728b)
Start importing Assets/RPGPP_LT/Prefabs/Nature/Terrain using Guid(35a14bf03a52c0542aac7ef0d955d918) Importer(815301076,1909f56bfc062723c751e8b465ee728b)  -> (artifact id: 'f18d0aa5911ee48e131cc319bf54a4af') in 0.001909 seconds 
  Import took 0.010256 seconds .

========================================================================
Received Import Request.
  Time since last request: 0.028242 seconds.
  path: Assets/RPGPP_LT/Prefabs/Nature/Terrain/rpgpp_lt_hill_small_01.prefab
  artifactKey: Guid(5c9211eb71cff4f4996a21d92317f601) Importer(815301076,1909f56bfc062723c751e8b465ee728b)
Start importing Assets/RPGPP_LT/Prefabs/Nature/Terrain/rpgpp_lt_hill_small_01.prefab using Guid(5c9211eb71cff4f4996a21d92317f601) Importer(815301076,1909f56bfc062723c751e8b465ee728b)  -> (artifact id: '1378be6156bbefb0348ec6c0bf0faf89') in 0.019808 seconds 
  Import took 0.022353 seconds .

========================================================================
Received Import Request.
  Time since last request: 0.000231 seconds.
  path: Assets/RPGPP_LT/Prefabs/Nature/Terrain/rpgpp_lt_terrain_path_01a.prefab
  artifactKey: Guid(a25996a7d0674de40a8273b54b50aa7b) Importer(815301076,1909f56bfc062723c751e8b465ee728b)
Start importing Assets/RPGPP_LT/Prefabs/Nature/Terrain/rpgpp_lt_terrain_path_01a.prefab using Guid(a25996a7d0674de40a8273b54b50aa7b) Importer(815301076,1909f56bfc062723c751e8b465ee728b)  -> (artifact id: '4ce031690af96bbfd90d89fc5e3767b4') in 0.007120 seconds 
  Import took 0.009208 seconds .

========================================================================
Received Import Request.
  Time since last request: 0.000265 seconds.
  path: Assets/RPGPP_LT/Prefabs/Nature/Terrain/rpgpp_lt_hill_small_02.prefab
  artifactKey: Guid(6dcae7204dd466c4c862bc640ea7c02e) Importer(815301076,1909f56bfc062723c751e8b465ee728b)
Start importing Assets/RPGPP_LT/Prefabs/Nature/Terrain/rpgpp_lt_hill_small_02.prefab using Guid(6dcae7204dd466c4c862bc640ea7c02e) Importer(815301076,1909f56bfc062723c751e8b465ee728b)  -> (artifact id: 'eaa2b8bac580f9539096eb2f319f170a') in 0.007284 seconds 
  Import took 0.009319 seconds .

========================================================================
Received Import Request.
  Time since last request: 0.000267 seconds.
  path: Assets/RPGPP_LT/Prefabs/Nature/Terrain/rpgpp_lt_terrain_sand_01.prefab
  artifactKey: Guid(e7489574cca6d4645a7019414b8288e8) Importer(815301076,1909f56bfc062723c751e8b465ee728b)
Start importing Assets/RPGPP_LT/Prefabs/Nature/Terrain/rpgpp_lt_terrain_sand_01.prefab using Guid(e7489574cca6d4645a7019414b8288e8) Importer(815301076,1909f56bfc062723c751e8b465ee728b)  -> (artifact id: '19426f0079a0f253344b05753986bd9e') in 0.006835 seconds 
  Import took 0.008846 seconds .

========================================================================
Received Import Request.
  Time since last request: 0.000233 seconds.
  path: Assets/RPGPP_LT/Prefabs/Nature/Terrain/rpgpp_lt_terrain_grass_01.prefab
  artifactKey: Guid(bdf8e7438a7816543998181bd3067573) Importer(815301076,1909f56bfc062723c751e8b465ee728b)
Start importing Assets/RPGPP_LT/Prefabs/Nature/Terrain/rpgpp_lt_terrain_grass_01.prefab using Guid(bdf8e7438a7816543998181bd3067573) Importer(815301076,1909f56bfc062723c751e8b465ee728b)  -> (artifact id: 'ba551707f641f895852d394dd39ebaf0') in 0.007275 seconds 
  Import took 0.009361 seconds .

========================================================================
Received Import Request.
  Time since last request: 0.000371 seconds.
  path: Assets/RPGPP_LT/Prefabs/Nature/Terrain/rpgpp_lt_terrain_path_01b.prefab
  artifactKey: Guid(63ce2b31e16acab4d8a41f884c36333c) Importer(815301076,1909f56bfc062723c751e8b465ee728b)
Start importing Assets/RPGPP_LT/Prefabs/Nature/Terrain/rpgpp_lt_terrain_path_01b.prefab using Guid(63ce2b31e16acab4d8a41f884c36333c) Importer(815301076,1909f56bfc062723c751e8b465ee728b)  -> (artifact id: 'ffe2de012196186a826f4b22763e62ba') in 0.009111 seconds 
  Import took 0.011205 seconds .

========================================================================
Received Import Request.
  Time since last request: 0.000231 seconds.
  path: Assets/RPGPP_LT/Prefabs/Nature/Terrain/rpgpp_lt_mountain_01.prefab
  artifactKey: Guid(9d200fbd47e9c7f45ad54450ebd25b94) Importer(815301076,1909f56bfc062723c751e8b465ee728b)
Start importing Assets/RPGPP_LT/Prefabs/Nature/Terrain/rpgpp_lt_mountain_01.prefab using Guid(9d200fbd47e9c7f45ad54450ebd25b94) Importer(815301076,1909f56bfc062723c751e8b465ee728b)  -> (artifact id: 'ba9ba7e32d93a99eff21445b26f4957a') in 0.007433 seconds 
  Import took 0.009390 seconds .

========================================================================
Received Import Request.
  Time since last request: 0.000225 seconds.
  path: Assets/RPGPP_LT/Prefabs/Nature/Terrain/rpgpp_lt_terrain_grass_02.prefab
  artifactKey: Guid(68cbfa1438162b243ac02fb9e3e30581) Importer(815301076,1909f56bfc062723c751e8b465ee728b)
Start importing Assets/RPGPP_LT/Prefabs/Nature/Terrain/rpgpp_lt_terrain_grass_02.prefab using Guid(68cbfa1438162b243ac02fb9e3e30581) Importer(815301076,1909f56bfc062723c751e8b465ee728b)  -> (artifact id: '8ad4fe0f10617b36a7220ba65c45cb3f') in 0.006945 seconds 
  Import took 0.008929 seconds .

========================================================================
Received Import Request.
  Time since last request: 301.934903 seconds.
  path: Assets/RPGPP_LT/Prefabs/Nature/Rocks
  artifactKey: Guid(bcdbaf7c59877724ea3cdf590b46ee87) Importer(815301076,1909f56bfc062723c751e8b465ee728b)
Start importing Assets/RPGPP_LT/Prefabs/Nature/Rocks using Guid(bcdbaf7c59877724ea3cdf590b46ee87) Importer(815301076,1909f56bfc062723c751e8b465ee728b)  -> (artifact id: '38bb8a9c9dc82cf18d0d9de06f4ae2ea') in 0.001238 seconds 
  Import took 0.005021 seconds .

========================================================================
Received Import Request.
  Time since last request: 0.037508 seconds.
  path: Assets/RPGPP_LT/Prefabs/Nature/Rocks/rpgpp_lt_rock_01.prefab
  artifactKey: Guid(6fc2010b5899cfd488a0ddf205679e2b) Importer(815301076,1909f56bfc062723c751e8b465ee728b)
Start importing Assets/RPGPP_LT/Prefabs/Nature/Rocks/rpgpp_lt_rock_01.prefab using Guid(6fc2010b5899cfd488a0ddf205679e2b) Importer(815301076,1909f56bfc062723c751e8b465ee728b)  -> (artifact id: '16bce528272562d257f33592f8c168b4') in 0.010612 seconds 
  Import took 0.013399 seconds .

========================================================================
Received Import Request.
  Time since last request: 0.000292 seconds.
  path: Assets/RPGPP_LT/Prefabs/Nature/Rocks/rpgpp_lt_rocks_tiny_01.prefab
  artifactKey: Guid(e1154cf6ac27b2f45b4ae35582e7e363) Importer(815301076,1909f56bfc062723c751e8b465ee728b)
Start importing Assets/RPGPP_LT/Prefabs/Nature/Rocks/rpgpp_lt_rocks_tiny_01.prefab using Guid(e1154cf6ac27b2f45b4ae35582e7e363) Importer(815301076,1909f56bfc062723c751e8b465ee728b)  -> (artifact id: '77c23347e1811525bda3abd79d4541c8') in 0.007853 seconds 
  Import took 0.010126 seconds .

========================================================================
Received Import Request.
  Time since last request: 0.000286 seconds.
  path: Assets/RPGPP_LT/Prefabs/Nature/Rocks/rpgpp_lt_rock_small_01.prefab
  artifactKey: Guid(dc9954dcaaaee02409e17bacb3dcc453) Importer(815301076,1909f56bfc062723c751e8b465ee728b)
Start importing Assets/RPGPP_LT/Prefabs/Nature/Rocks/rpgpp_lt_rock_small_01.prefab using Guid(dc9954dcaaaee02409e17bacb3dcc453) Importer(815301076,1909f56bfc062723c751e8b465ee728b)  -> (artifact id: '3665b2ba3c690d8881f37b780d03cefe') in 0.007851 seconds 
  Import took 0.010143 seconds .

========================================================================
Received Import Request.
  Time since last request: 0.000250 seconds.
  path: Assets/RPGPP_LT/Prefabs/Nature/Rocks/rpgpp_lt_rock_02.prefab
  artifactKey: Guid(491dc122236ad9749a046177ea69736d) Importer(815301076,1909f56bfc062723c751e8b465ee728b)
Start importing Assets/RPGPP_LT/Prefabs/Nature/Rocks/rpgpp_lt_rock_02.prefab using Guid(491dc122236ad9749a046177ea69736d) Importer(815301076,1909f56bfc062723c751e8b465ee728b)  -> (artifact id: 'd95a0b69a481399efb33850e1c38c1bf') in 0.007660 seconds 
  Import took 0.009711 seconds .

========================================================================
Received Import Request.
  Time since last request: 0.000234 seconds.
  path: Assets/RPGPP_LT/Prefabs/Nature/Rocks/rpgpp_lt_rock_03.prefab
  artifactKey: Guid(0fd5be61d8c00de419d45d6bf745a69c) Importer(815301076,1909f56bfc062723c751e8b465ee728b)
Start importing Assets/RPGPP_LT/Prefabs/Nature/Rocks/rpgpp_lt_rock_03.prefab using Guid(0fd5be61d8c00de419d45d6bf745a69c) Importer(815301076,1909f56bfc062723c751e8b465ee728b)  -> (artifact id: '2931ede5f55076e3f93c0fac38a33de8') in 0.007142 seconds 
  Import took 0.009085 seconds .

========================================================================
Received Import Request.
  Time since last request: 0.000305 seconds.
  path: Assets/RPGPP_LT/Prefabs/Nature/Rocks/rpgpp_lt_rock_small_02.prefab
  artifactKey: Guid(9f21020355643c74c88002634abcdabd) Importer(815301076,1909f56bfc062723c751e8b465ee728b)
Start importing Assets/RPGPP_LT/Prefabs/Nature/Rocks/rpgpp_lt_rock_small_02.prefab using Guid(9f21020355643c74c88002634abcdabd) Importer(815301076,1909f56bfc062723c751e8b465ee728b)  -> (artifact id: '64a1cad3e6f2320f5af78d353bf35983') in 0.007350 seconds 
  Import took 0.009361 seconds .

========================================================================
Received Import Request.
  Time since last request: 252.963387 seconds.
  path: Assets/RPGPP_LT/Prefabs/Props/Misc
  artifactKey: Guid(458e1ba84a6e1a94b8793cd2c8103f30) Importer(815301076,1909f56bfc062723c751e8b465ee728b)
Start importing Assets/RPGPP_LT/Prefabs/Props/Misc using Guid(458e1ba84a6e1a94b8793cd2c8103f30) Importer(815301076,1909f56bfc062723c751e8b465ee728b)  -> (artifact id: 'ea5f9c185e25a5a1213b723c27625a6a') in 0.001358 seconds 
  Import took 0.004982 seconds .

========================================================================
Received Import Request.
  Time since last request: 0.051779 seconds.
  path: Assets/RPGPP_LT/Prefabs/Props/Misc/rpgpp_lt_bird_house_01.prefab
  artifactKey: Guid(7689b2d5def66f04eb3b0905d7b65084) Importer(815301076,1909f56bfc062723c751e8b465ee728b)
Start importing Assets/RPGPP_LT/Prefabs/Props/Misc/rpgpp_lt_bird_house_01.prefab using Guid(7689b2d5def66f04eb3b0905d7b65084) Importer(815301076,1909f56bfc062723c751e8b465ee728b)  -> (artifact id: '5ae3b8e15ab83b7948e1d5da59672945') in 0.011093 seconds 
  Import took 0.014184 seconds .

========================================================================
Received Import Request.
  Time since last request: 0.000322 seconds.
  path: Assets/RPGPP_LT/Prefabs/Props/Misc/rpgpp_lt_wagon_01.prefab
  artifactKey: Guid(87d1d734739f10440b2bdbb449c09a9e) Importer(815301076,1909f56bfc062723c751e8b465ee728b)
Start importing Assets/RPGPP_LT/Prefabs/Props/Misc/rpgpp_lt_wagon_01.prefab using Guid(87d1d734739f10440b2bdbb449c09a9e) Importer(815301076,1909f56bfc062723c751e8b465ee728b)  -> (artifact id: 'f382bc08104f5a4a2f1d30f2f7e87b13') in 0.009150 seconds 
  Import took 0.011752 seconds .

========================================================================
Received Import Request.
  Time since last request: 0.000276 seconds.
  path: Assets/RPGPP_LT/Prefabs/Props/Misc/rpgpp_lt_well_01.prefab
  artifactKey: Guid(4500da6a464da55408dd1ff2324163a7) Importer(815301076,1909f56bfc062723c751e8b465ee728b)
Start importing Assets/RPGPP_LT/Prefabs/Props/Misc/rpgpp_lt_well_01.prefab using Guid(4500da6a464da55408dd1ff2324163a7) Importer(815301076,1909f56bfc062723c751e8b465ee728b)  -> (artifact id: '58f6afb1bf8eeab53ce3b917caed6a5d') in 0.018540 seconds 
  Import took 0.020688 seconds .

========================================================================
Received Import Request.
  Time since last request: 3.577511 seconds.
  path: Assets/RPGPP_LT/Prefabs/Props/Items
  artifactKey: Guid(c941b50b6f168394f97708742eb6805a) Importer(815301076,1909f56bfc062723c751e8b465ee728b)
Start importing Assets/RPGPP_LT/Prefabs/Props/Items using Guid(c941b50b6f168394f97708742eb6805a) Importer(815301076,1909f56bfc062723c751e8b465ee728b)  -> (artifact id: '8bffcb9b0c9f27e2090b80746d2652cd') in 0.001082 seconds 
  Import took 0.004399 seconds .

========================================================================
Received Import Request.
  Time since last request: 0.048970 seconds.
  path: Assets/RPGPP_LT/Prefabs/Props/Items/rpgpp_lt_broom_01.prefab
  artifactKey: Guid(a463cb358b3f799499b5078f511ef61e) Importer(815301076,1909f56bfc062723c751e8b465ee728b)
Start importing Assets/RPGPP_LT/Prefabs/Props/Items/rpgpp_lt_broom_01.prefab using Guid(a463cb358b3f799499b5078f511ef61e) Importer(815301076,1909f56bfc062723c751e8b465ee728b)  -> (artifact id: 'df9c8e4f2d26a33fef01ee218829fdfb') in 0.009933 seconds 
  Import took 0.012982 seconds .

========================================================================
Received Import Request.
  Time since last request: 0.000311 seconds.
  path: Assets/RPGPP_LT/Prefabs/Props/Items/rpgpp_lt_rake_01.prefab
  artifactKey: Guid(b44415eef131de742a4190453fc4d68e) Importer(815301076,1909f56bfc062723c751e8b465ee728b)
Start importing Assets/RPGPP_LT/Prefabs/Props/Items/rpgpp_lt_rake_01.prefab using Guid(b44415eef131de742a4190453fc4d68e) Importer(815301076,1909f56bfc062723c751e8b465ee728b)  -> (artifact id: 'd7fd0fe38bde13be3b21880fc45eae55') in 0.008697 seconds 
  Import took 0.011071 seconds .

========================================================================
Received Import Request.
  Time since last request: 0.000287 seconds.
  path: Assets/RPGPP_LT/Prefabs/Props/Items/rpgpp_lt_ladder_01.prefab
  artifactKey: Guid(7087784e228be8745af45599a5130532) Importer(815301076,1909f56bfc062723c751e8b465ee728b)
Start importing Assets/RPGPP_LT/Prefabs/Props/Items/rpgpp_lt_ladder_01.prefab using Guid(7087784e228be8745af45599a5130532) Importer(815301076,1909f56bfc062723c751e8b465ee728b)  -> (artifact id: 'de94c83e0cd119ec8fc996cd4b2101e9') in 0.008580 seconds 
  Import took 0.010875 seconds .

========================================================================
Received Import Request.
  Time since last request: 50.877442 seconds.
  path: Assets/RPGPP_LT/Prefabs/Props/Wall_decor
  artifactKey: Guid(ca9f035d49c5db74a8feb6a3d797049f) Importer(815301076,1909f56bfc062723c751e8b465ee728b)
Start importing Assets/RPGPP_LT/Prefabs/Props/Wall_decor using Guid(ca9f035d49c5db74a8feb6a3d797049f) Importer(815301076,1909f56bfc062723c751e8b465ee728b)  -> (artifact id: '77b382d4440938583e11ea51c53118d9') in 0.001415 seconds 
  Import took 0.004866 seconds .

========================================================================
Received Import Request.
  Time since last request: 1.261378 seconds.
  path: Assets/RPGPP_LT/Prefabs/Props/Wall_decor/Shields
  artifactKey: Guid(da9c312667c8c3e4b96d68633b05f959) Importer(815301076,1909f56bfc062723c751e8b465ee728b)
Start importing Assets/RPGPP_LT/Prefabs/Props/Wall_decor/Shields using Guid(da9c312667c8c3e4b96d68633b05f959) Importer(815301076,1909f56bfc062723c751e8b465ee728b)  -> (artifact id: '133afa27a33b8e9c986ba8cc400e7ead') in 0.001933 seconds 
  Import took 0.005378 seconds .

========================================================================
Received Import Request.
  Time since last request: 0.046907 seconds.
  path: Assets/RPGPP_LT/Prefabs/Props/Wall_decor/Shields/rpgpp_lt_shield_wall_01a.prefab
  artifactKey: Guid(37435aefe5da6f74f8b28c81bb4ffad4) Importer(815301076,1909f56bfc062723c751e8b465ee728b)
Start importing Assets/RPGPP_LT/Prefabs/Props/Wall_decor/Shields/rpgpp_lt_shield_wall_01a.prefab using Guid(37435aefe5da6f74f8b28c81bb4ffad4) Importer(815301076,1909f56bfc062723c751e8b465ee728b)  -> (artifact id: 'eba5cfad2f8166e058f0edecb3ef2c13') in 0.011212 seconds 
  Import took 0.014153 seconds .

========================================================================
Received Import Request.
  Time since last request: 0.000357 seconds.
  path: Assets/RPGPP_LT/Prefabs/Props/Wall_decor/Shields/rpgpp_lt_shield_wall_01b.prefab
  artifactKey: Guid(0aae23549399ae240aa3fcaf1b7ae6b0) Importer(815301076,1909f56bfc062723c751e8b465ee728b)
Start importing Assets/RPGPP_LT/Prefabs/Props/Wall_decor/Shields/rpgpp_lt_shield_wall_01b.prefab using Guid(0aae23549399ae240aa3fcaf1b7ae6b0) Importer(815301076,1909f56bfc062723c751e8b465ee728b)  -> (artifact id: 'ee7b95c1e3915315c3184dc58596f9f7') in 0.007926 seconds 
  Import took 0.010291 seconds .

========================================================================
Received Import Request.
  Time since last request: 3.688462 seconds.
  path: Assets/RPGPP_LT/Prefabs/Props/Furniture
  artifactKey: Guid(3f958f6d490fa3c409a72ba1b872ef86) Importer(815301076,1909f56bfc062723c751e8b465ee728b)
Start importing Assets/RPGPP_LT/Prefabs/Props/Furniture using Guid(3f958f6d490fa3c409a72ba1b872ef86) Importer(815301076,1909f56bfc062723c751e8b465ee728b)  -> (artifact id: 'd27cd3ae037028d511855d1fe7224462') in 0.001171 seconds 
  Import took 0.004964 seconds .

========================================================================
Received Import Request.
  Time since last request: 1.672519 seconds.
  path: Assets/RPGPP_LT/Prefabs/Props/Furniture/Hangers
  artifactKey: Guid(002ae82687d12084ebe47a31fdfa01d9) Importer(815301076,1909f56bfc062723c751e8b465ee728b)
Start importing Assets/RPGPP_LT/Prefabs/Props/Furniture/Hangers using Guid(002ae82687d12084ebe47a31fdfa01d9) Importer(815301076,1909f56bfc062723c751e8b465ee728b)  -> (artifact id: 'f11dbe2b205689f72139d4bf3f160fc2') in 0.001865 seconds 
  Import took 0.005538 seconds .

========================================================================
Received Import Request.
  Time since last request: 0.074211 seconds.
  path: Assets/RPGPP_LT/Prefabs/Props/Furniture/Hangers/rpgpp_lt_hanger_clothes_01.prefab
  artifactKey: Guid(9e6377f4cae22eb4194f71c6e76c37b9) Importer(815301076,1909f56bfc062723c751e8b465ee728b)
Start importing Assets/RPGPP_LT/Prefabs/Props/Furniture/Hangers/rpgpp_lt_hanger_clothes_01.prefab using Guid(9e6377f4cae22eb4194f71c6e76c37b9) Importer(815301076,1909f56bfc062723c751e8b465ee728b)  -> (artifact id: 'e298c565fd7a73e3db47f9a4966ebaa0') in 0.011066 seconds 
  Import took 0.014120 seconds .

========================================================================
Received Import Request.
  Time since last request: 0.000270 seconds.
  path: Assets/RPGPP_LT/Prefabs/Props/Furniture/Hangers/rpgpp_lt_hanger_wood_01.prefab
  artifactKey: Guid(813f38ebf5eabe1429b83876fbaa47db) Importer(815301076,1909f56bfc062723c751e8b465ee728b)
Start importing Assets/RPGPP_LT/Prefabs/Props/Furniture/Hangers/rpgpp_lt_hanger_wood_01.prefab using Guid(813f38ebf5eabe1429b83876fbaa47db) Importer(815301076,1909f56bfc062723c751e8b465ee728b)  -> (artifact id: 'dd357d69a4e297232596c2360bc70015') in 0.010093 seconds 
  Import took 0.012671 seconds .

========================================================================
Received Import Request.
  Time since last request: 3.136298 seconds.
  path: Assets/RPGPP_LT/Prefabs/Props/Containers
  artifactKey: Guid(fc5bc5139597e9345b4ed47ff049af1a) Importer(815301076,1909f56bfc062723c751e8b465ee728b)
Start importing Assets/RPGPP_LT/Prefabs/Props/Containers using Guid(fc5bc5139597e9345b4ed47ff049af1a) Importer(815301076,1909f56bfc062723c751e8b465ee728b)  -> (artifact id: 'e2c54f4398e5d4a2210fbaa447c97e66') in 0.001804 seconds 
  Import took 0.005160 seconds .

========================================================================
Received Import Request.
  Time since last request: 0.051767 seconds.
  path: Assets/RPGPP_LT/Prefabs/Props/Containers/rpgpp_lt_barrel_01.prefab
  artifactKey: Guid(08b7d3dcb8d6b9247b1800cd79905e16) Importer(815301076,1909f56bfc062723c751e8b465ee728b)
Start importing Assets/RPGPP_LT/Prefabs/Props/Containers/rpgpp_lt_barrel_01.prefab using Guid(08b7d3dcb8d6b9247b1800cd79905e16) Importer(815301076,1909f56bfc062723c751e8b465ee728b)  -> (artifact id: 'aa6b0ade8efe8dd21a24589c803db0bb') in 0.009952 seconds 
  Import took 0.012956 seconds .

========================================================================
Received Import Request.
  Time since last request: 0.000282 seconds.
  path: Assets/RPGPP_LT/Prefabs/Props/Containers/rpgpp_lt_sack_01.prefab
  artifactKey: Guid(f274f0fb5e5bc294ca9a0ff4cf1f0ff7) Importer(815301076,1909f56bfc062723c751e8b465ee728b)
Start importing Assets/RPGPP_LT/Prefabs/Props/Containers/rpgpp_lt_sack_01.prefab using Guid(f274f0fb5e5bc294ca9a0ff4cf1f0ff7) Importer(815301076,1909f56bfc062723c751e8b465ee728b)  -> (artifact id: 'f9fd62a61522e479d02e50e3fac2fd04') in 0.008376 seconds 
  Import took 0.010936 seconds .

========================================================================
Received Import Request.
  Time since last request: 0.000290 seconds.
  path: Assets/RPGPP_LT/Prefabs/Props/Containers/rpgpp_lt_bowl_metal_01.prefab
  artifactKey: Guid(c20b40242fb425a48840e03f7f3a50f4) Importer(815301076,1909f56bfc062723c751e8b465ee728b)
Start importing Assets/RPGPP_LT/Prefabs/Props/Containers/rpgpp_lt_bowl_metal_01.prefab using Guid(c20b40242fb425a48840e03f7f3a50f4) Importer(815301076,1909f56bfc062723c751e8b465ee728b)  -> (artifact id: 'f12866d99a33ebe721324607a538bbfa') in 0.007591 seconds 
  Import took 0.010007 seconds .

========================================================================
Received Import Request.
  Time since last request: 0.000261 seconds.
  path: Assets/RPGPP_LT/Prefabs/Props/Containers/rpgpp_lt_trough_01.prefab
  artifactKey: Guid(7f3b1263233678a4a92861d908051fe3) Importer(815301076,1909f56bfc062723c751e8b465ee728b)
Start importing Assets/RPGPP_LT/Prefabs/Props/Containers/rpgpp_lt_trough_01.prefab using Guid(7f3b1263233678a4a92861d908051fe3) Importer(815301076,1909f56bfc062723c751e8b465ee728b)  -> (artifact id: '5e57bf9cdfcd74d80004f297f0bf3492') in 0.007517 seconds 
  Import took 0.009696 seconds .

========================================================================
Received Import Request.
  Time since last request: 0.000268 seconds.
  path: Assets/RPGPP_LT/Prefabs/Props/Containers/rpgpp_lt_box_wood_01.prefab
  artifactKey: Guid(144403e0e442d2a448335e0c845d665b) Importer(815301076,1909f56bfc062723c751e8b465ee728b)
Start importing Assets/RPGPP_LT/Prefabs/Props/Containers/rpgpp_lt_box_wood_01.prefab using Guid(144403e0e442d2a448335e0c845d665b) Importer(815301076,1909f56bfc062723c751e8b465ee728b)  -> (artifact id: 'd41d9d4d8a7fc4843b759d1979251cd8') in 0.006907 seconds 
  Import took 0.008836 seconds .

========================================================================
Received Import Request.
  Time since last request: 0.000205 seconds.
  path: Assets/RPGPP_LT/Prefabs/Props/Containers/rpgpp_lt_bucket_01.prefab
  artifactKey: Guid(05723fa5edef5fa4ab72eb90ae0bf7b0) Importer(815301076,1909f56bfc062723c751e8b465ee728b)
Start importing Assets/RPGPP_LT/Prefabs/Props/Containers/rpgpp_lt_bucket_01.prefab using Guid(05723fa5edef5fa4ab72eb90ae0bf7b0) Importer(815301076,1909f56bfc062723c751e8b465ee728b)  -> (artifact id: '7396ac3af1b78aad62e71e3d2b2fa371') in 0.007315 seconds 
  Import took 0.009249 seconds .

========================================================================
Received Import Request.
  Time since last request: 0.000269 seconds.
  path: Assets/RPGPP_LT/Prefabs/Props/Containers/rpgpp_lt_jug_01.prefab
  artifactKey: Guid(957bb31991bce1640a18d0a109c71f3d) Importer(815301076,1909f56bfc062723c751e8b465ee728b)
Start importing Assets/RPGPP_LT/Prefabs/Props/Containers/rpgpp_lt_jug_01.prefab using Guid(957bb31991bce1640a18d0a109c71f3d) Importer(815301076,1909f56bfc062723c751e8b465ee728b)  -> (artifact id: 'eeb38b3c9ecf6ec5acb8360e61bae71c') in 0.006441 seconds 
  Import took 0.008530 seconds .

========================================================================
Received Import Request.
  Time since last request: 0.000314 seconds.
  path: Assets/RPGPP_LT/Prefabs/Props/Containers/rpgpp_lt_bathtub_wood_01.prefab
  artifactKey: Guid(d354bbf6d0a7bc543b86d5b1337c7933) Importer(815301076,1909f56bfc062723c751e8b465ee728b)
Start importing Assets/RPGPP_LT/Prefabs/Props/Containers/rpgpp_lt_bathtub_wood_01.prefab using Guid(d354bbf6d0a7bc543b86d5b1337c7933) Importer(815301076,1909f56bfc062723c751e8b465ee728b)  -> (artifact id: '637d2e23a82955aa3bb319e6adcc2cfd') in 0.007039 seconds 
  Import took 0.009221 seconds .

========================================================================
Received Import Request.
  Time since last request: 0.000283 seconds.
  path: Assets/RPGPP_LT/Prefabs/Props/Containers/rpgpp_lt_sack_open_01.prefab
  artifactKey: Guid(5fb4dbc1b7c07b9418845eb61970d9df) Importer(815301076,1909f56bfc062723c751e8b465ee728b)
Start importing Assets/RPGPP_LT/Prefabs/Props/Containers/rpgpp_lt_sack_open_01.prefab using Guid(5fb4dbc1b7c07b9418845eb61970d9df) Importer(815301076,1909f56bfc062723c751e8b465ee728b)  -> (artifact id: 'a66f3bae635f28ded82c4fe6c5b6954c') in 0.006930 seconds 
  Import took 0.009216 seconds .

========================================================================
Received Import Request.
  Time since last request: 0.000241 seconds.
  path: Assets/RPGPP_LT/Prefabs/Props/Containers/rpgpp_lt_vase_02.prefab
  artifactKey: Guid(645e0ccb96eef934aa12bd4c02a4bd66) Importer(815301076,1909f56bfc062723c751e8b465ee728b)
Start importing Assets/RPGPP_LT/Prefabs/Props/Containers/rpgpp_lt_vase_02.prefab using Guid(645e0ccb96eef934aa12bd4c02a4bd66) Importer(815301076,1909f56bfc062723c751e8b465ee728b)  -> (artifact id: '8404584995882d57df4a16685ace06ff') in 0.007042 seconds 
  Import took 0.009217 seconds .

========================================================================
Received Import Request.
  Time since last request: 0.000301 seconds.
  path: Assets/RPGPP_LT/Prefabs/Props/Containers/rpgpp_lt_vase_01.prefab
  artifactKey: Guid(1645880bdf365054a8c29b271c30eb36) Importer(815301076,1909f56bfc062723c751e8b465ee728b)
Start importing Assets/RPGPP_LT/Prefabs/Props/Containers/rpgpp_lt_vase_01.prefab using Guid(1645880bdf365054a8c29b271c30eb36) Importer(815301076,1909f56bfc062723c751e8b465ee728b)  -> (artifact id: '479859cb24c98c8cabb3558228a30c45') in 0.006906 seconds 
  Import took 0.008956 seconds .

========================================================================
Received Import Request.
  Time since last request: 0.000205 seconds.
  path: Assets/RPGPP_LT/Prefabs/Props/Containers/rpgpp_lt_package_01.prefab
  artifactKey: Guid(388d2ede35ec91345943f17a010818fc) Importer(815301076,1909f56bfc062723c751e8b465ee728b)
Start importing Assets/RPGPP_LT/Prefabs/Props/Containers/rpgpp_lt_package_01.prefab using Guid(388d2ede35ec91345943f17a010818fc) Importer(815301076,1909f56bfc062723c751e8b465ee728b)  -> (artifact id: 'cd8e8f665afe1492db322df9bb69bbbf') in 0.006171 seconds 
  Import took 0.008219 seconds .

========================================================================
Received Import Request.
  Time since last request: 9.992826 seconds.
  path: Assets/RPGPP_LT/Prefabs/Props/Wall_decor/Banners
  artifactKey: Guid(21f0d61f8c43c8b4ba74f5a2b4165c47) Importer(815301076,1909f56bfc062723c751e8b465ee728b)
Start importing Assets/RPGPP_LT/Prefabs/Props/Wall_decor/Banners using Guid(21f0d61f8c43c8b4ba74f5a2b4165c47) Importer(815301076,1909f56bfc062723c751e8b465ee728b)  -> (artifact id: '718bc512485317b668a06bc98563af79') in 0.001568 seconds 
  Import took 0.005366 seconds .

========================================================================
Received Import Request.
  Time since last request: 0.115007 seconds.
  path: Assets/RPGPP_LT/Prefabs/Props/Wall_decor/Banners/rpgpp_lt_banner_01a.prefab
  artifactKey: Guid(e1032c9b5d7d362489670d42997dceb5) Importer(815301076,1909f56bfc062723c751e8b465ee728b)
Start importing Assets/RPGPP_LT/Prefabs/Props/Wall_decor/Banners/rpgpp_lt_banner_01a.prefab using Guid(e1032c9b5d7d362489670d42997dceb5) Importer(815301076,1909f56bfc062723c751e8b465ee728b)  -> (artifact id: '6033a890b9dfa2fea7cedac3027a88b3') in 0.030711 seconds 
  Import took 0.035060 seconds .

========================================================================
Received Import Request.
  Time since last request: 0.000372 seconds.
  path: Assets/RPGPP_LT/Prefabs/Props/Wall_decor/Banners/rpgpp_lt_banner_01b.prefab
  artifactKey: Guid(002f7a569314a244fb643e8ea8d00376) Importer(815301076,1909f56bfc062723c751e8b465ee728b)
Start importing Assets/RPGPP_LT/Prefabs/Props/Wall_decor/Banners/rpgpp_lt_banner_01b.prefab using Guid(002f7a569314a244fb643e8ea8d00376) Importer(815301076,1909f56bfc062723c751e8b465ee728b)  -> (artifact id: '670cc36ee96ba2debf5b17ea867dc0da') in 0.010273 seconds 
  Import took 0.013370 seconds .

========================================================================
Received Import Request.
  Time since last request: 8.141255 seconds.
  path: Assets/RPGPP_LT/Prefabs/Nature/Vegetation/Grass
  artifactKey: Guid(8edd0bcc1fb2d1b4ebab6673d1d675c1) Importer(815301076,1909f56bfc062723c751e8b465ee728b)
Start importing Assets/RPGPP_LT/Prefabs/Nature/Vegetation/Grass using Guid(8edd0bcc1fb2d1b4ebab6673d1d675c1) Importer(815301076,1909f56bfc062723c751e8b465ee728b)  -> (artifact id: 'e2cc41b2891130625f5246df2a585d2e') in 0.000967 seconds 
  Import took 0.003443 seconds .

========================================================================
Received Import Request.
  Time since last request: 0.060546 seconds.
  path: Assets/RPGPP_LT/Prefabs/Nature/Vegetation/Grass/rpgpp_lt_grass_small_01a.prefab
  artifactKey: Guid(00e2e59cbc04eab4a982218df54ce70b) Importer(815301076,1909f56bfc062723c751e8b465ee728b)
Start importing Assets/RPGPP_LT/Prefabs/Nature/Vegetation/Grass/rpgpp_lt_grass_small_01a.prefab using Guid(00e2e59cbc04eab4a982218df54ce70b) Importer(815301076,1909f56bfc062723c751e8b465ee728b)  -> (artifact id: 'd98d187f31972bf4f70937f1205a7d86') in 0.007717 seconds 
  Import took 0.010078 seconds .

========================================================================
Received Import Request.
  Time since last request: 0.000291 seconds.
  path: Assets/RPGPP_LT/Prefabs/Nature/Vegetation/Grass/rpgpp_lt_grass_small_01b.prefab
  artifactKey: Guid(e88b7bb02ae149940a5a0cddf34fe370) Importer(815301076,1909f56bfc062723c751e8b465ee728b)
Start importing Assets/RPGPP_LT/Prefabs/Nature/Vegetation/Grass/rpgpp_lt_grass_small_01b.prefab using Guid(e88b7bb02ae149940a5a0cddf34fe370) Importer(815301076,1909f56bfc062723c751e8b465ee728b)  -> (artifact id: 'd95eb95fb9fd568d5076748135306b3b') in 0.007224 seconds 
  Import took 0.009397 seconds .

========================================================================
Received Import Request.
  Time since last request: 138.650131 seconds.
  path: Assets
  artifactKey: Guid(00000000000000001000000000000000) Importer(815301076,1909f56bfc062723c751e8b465ee728b)
Start importing Assets using Guid(00000000000000001000000000000000) Importer(815301076,1909f56bfc062723c751e8b465ee728b)  -> (artifact id: '42d402b061de3733987d63b9cc3b64de') in 0.000991 seconds 
  Import took 0.004361 seconds .

========================================================================
Received Import Request.
  Time since last request: 26.508841 seconds.
  path: Assets/nuit.mat
  artifactKey: Guid(d4965217b9fd0484bb4e09d8f68606cc) Importer(815301076,1909f56bfc062723c751e8b465ee728b)
Start importing Assets/nuit.mat using Guid(d4965217b9fd0484bb4e09d8f68606cc) Importer(815301076,1909f56bfc062723c751e8b465ee728b)  -> (artifact id: 'a57778004bbbc0fa411695d0383c2c5e') in 0.308932 seconds 
  Import took 0.311190 seconds .

========================================================================
Received Import Request.
  Time since last request: 512.321485 seconds.
  path: Assets/textures
  artifactKey: Guid(852a93754013d433ba84d67465a27010) Importer(815301076,1909f56bfc062723c751e8b465ee728b)
Start importing Assets/textures using Guid(852a93754013d433ba84d67465a27010) Importer(815301076,1909f56bfc062723c751e8b465ee728b)  -> (artifact id: '475e833e2eabc674016aa37dc781ee8e') in 0.001069 seconds 
  Import took 0.004393 seconds .

========================================================================
Received Import Request.
  Time since last request: 0.055232 seconds.
  path: Assets/textures/nighttexture.jpeg
  artifactKey: Guid(c011b508e246b4a569aa06800cee1ead) Importer(815301076,1909f56bfc062723c751e8b465ee728b)
Start importing Assets/textures/nighttexture.jpeg using Guid(c011b508e246b4a569aa06800cee1ead) Importer(815301076,1909f56bfc062723c751e8b465ee728b)  -> (artifact id: 'b367e8e9b1e2c995e1e850070745eb55') in 0.497367 seconds 
  Import took 0.499761 seconds .

========================================================================
Received Import Request.
  Time since last request: 50.465044 seconds.
  path: Assets/textures/nighttexture.jpeg
  artifactKey: Guid(c011b508e246b4a569aa06800cee1ead) Importer(815301076,1909f56bfc062723c751e8b465ee728b)
Start importing Assets/textures/nighttexture.jpeg using Guid(c011b508e246b4a569aa06800cee1ead) Importer(815301076,1909f56bfc062723c751e8b465ee728b)  -> (artifact id: 'adae2868ca00b409e01ad876cf6e28e1') in 0.057762 seconds 
  Import took 0.059846 seconds .

========================================================================
Received Import Request.
  Time since last request: 26.373351 seconds.
  path: Assets/textures/nuit.mat
  artifactKey: Guid(e035bea9b38bd4434906c4298d6483ea) Importer(815301076,1909f56bfc062723c751e8b465ee728b)
Start importing Assets/textures/nuit.mat using Guid(e035bea9b38bd4434906c4298d6483ea) Importer(815301076,1909f56bfc062723c751e8b465ee728b)  -> (artifact id: 'f08313dc2646c73eeb6cb165f209d1a2') in 0.012167 seconds 
  Import took 0.015013 seconds .

========================================================================
Received Import Request.
  Time since last request: 320.966074 seconds.
  path: Assets/scripts
  artifactKey: Guid(2f9d92bfe21784592b0cb05962a7524a) Importer(815301076,1909f56bfc062723c751e8b465ee728b)
Start importing Assets/scripts using Guid(2f9d92bfe21784592b0cb05962a7524a) Importer(815301076,1909f56bfc062723c751e8b465ee728b)  -> (artifact id: '9dd5eeb7073ad716129f84289621e303') in 0.001767 seconds 
  Import took 0.009476 seconds .

========================================================================
Received Import Request.
  Time since last request: 28.348105 seconds.
  path: Assets/scripts/NewSurfaceShader.shader
  artifactKey: Guid(a0058996b896b442f868913b813a89a3) Importer(815301076,1909f56bfc062723c751e8b465ee728b)
Start importing Assets/scripts/NewSurfaceShader.shader using Guid(a0058996b896b442f868913b813a89a3) Importer(815301076,1909f56bfc062723c751e8b465ee728b)  -> (artifact id: '1abd8785da23abafd2a856826c261fca') in 0.223561 seconds 
  Import took 0.226648 seconds .

========================================================================
Received Import Request.
  Time since last request: 19.810522 seconds.
  path: Assets/scripts/SnowShader.shader
  artifactKey: Guid(a0058996b896b442f868913b813a89a3) Importer(815301076,1909f56bfc062723c751e8b465ee728b)
Start importing Assets/scripts/SnowShader.shader using Guid(a0058996b896b442f868913b813a89a3) Importer(815301076,1909f56bfc062723c751e8b465ee728b)  -> (artifact id: '1dfd2f2e93076c75259e97f76aaf1411') in 0.004268 seconds 
  Import took 0.006688 seconds .

========================================================================
Received Import Request.
  Time since last request: 617.610386 seconds.
  path: Assets/scripts/SnowShader.shader
  artifactKey: Guid(a0058996b896b442f868913b813a89a3) Importer(815301076,1909f56bfc062723c751e8b465ee728b)
Start importing Assets/scripts/SnowShader.shader using Guid(a0058996b896b442f868913b813a89a3) Importer(815301076,1909f56bfc062723c751e8b465ee728b)  -> (artifact id: '35a5ed8aeb7d0eb87443c259532d11d2') in 0.007088 seconds 
  Import took 0.015539 seconds .

========================================================================
Received Import Request.
  Time since last request: 25.753315 seconds.
  path: Assets/scripts/SnowShader.shader
  artifactKey: Guid(a0058996b896b442f868913b813a89a3) Importer(815301076,1909f56bfc062723c751e8b465ee728b)
Start importing Assets/scripts/SnowShader.shader using Guid(a0058996b896b442f868913b813a89a3) Importer(815301076,1909f56bfc062723c751e8b465ee728b)  -> (artifact id: '2d52fc5fce828ca3b714d7047bcb928e') in 0.003732 seconds 
  Import took 0.006073 seconds .

========================================================================
Received Import Request.
  Time since last request: 12.772718 seconds.
  path: Assets/scripts/SnowShader.shader
  artifactKey: Guid(a0058996b896b442f868913b813a89a3) Importer(815301076,1909f56bfc062723c751e8b465ee728b)
Start importing Assets/scripts/SnowShader.shader using Guid(a0058996b896b442f868913b813a89a3) Importer(815301076,1909f56bfc062723c751e8b465ee728b)  -> (artifact id: '5dbbef1b143926380169ad7639481d5d') in 0.003470 seconds 
  Import took 0.006121 seconds .

========================================================================
Received Import Request.
  Time since last request: 21.059003 seconds.
  path: Assets/scripts/SnowShader.shader
  artifactKey: Guid(a0058996b896b442f868913b813a89a3) Importer(815301076,1909f56bfc062723c751e8b465ee728b)
Start importing Assets/scripts/SnowShader.shader using Guid(a0058996b896b442f868913b813a89a3) Importer(815301076,1909f56bfc062723c751e8b465ee728b)  -> (artifact id: 'f77a11068b17e0c285f8c7a8162462c1') in 0.003873 seconds 
  Import took 0.006272 seconds .

========================================================================
Received Import Request.
  Time since last request: 27.717817 seconds.
  path: Assets/RPGPP_LT/Materials/rpgpp_lt_cloud_a.mat
  artifactKey: Guid(434bfd6528d84e643ade0d2cd5c6fe1b) Importer(815301076,1909f56bfc062723c751e8b465ee728b)
Start importing Assets/RPGPP_LT/Materials/rpgpp_lt_cloud_a.mat using Guid(434bfd6528d84e643ade0d2cd5c6fe1b) Importer(815301076,1909f56bfc062723c751e8b465ee728b)  -> (artifact id: '8aa9e40bc27de647e0d89dcbbe5cb42c') in 0.036093 seconds 
  Import took 0.040449 seconds .

========================================================================
Received Import Request.
  Time since last request: 0.000366 seconds.
  path: Assets/RPGPP_LT/Materials/rpgpp_lt_sky_a.mat
  artifactKey: Guid(ff33af19770dd3e489f9c65e388009fe) Importer(815301076,1909f56bfc062723c751e8b465ee728b)
Start importing Assets/RPGPP_LT/Materials/rpgpp_lt_sky_a.mat using Guid(ff33af19770dd3e489f9c65e388009fe) Importer(815301076,1909f56bfc062723c751e8b465ee728b)  -> (artifact id: '254eccb48e2e5e2e124318a91a523aa4') in 0.013798 seconds 
  Import took 0.016348 seconds .

========================================================================
Received Import Request.
  Time since last request: 0.000342 seconds.
  path: Assets/RPGPP_LT/Materials/rpgpp_lt_mat_a.mat
  artifactKey: Guid(58d53420af384224ea4cfee8973d18cb) Importer(815301076,1909f56bfc062723c751e8b465ee728b)
Start importing Assets/RPGPP_LT/Materials/rpgpp_lt_mat_a.mat using Guid(58d53420af384224ea4cfee8973d18cb) Importer(815301076,1909f56bfc062723c751e8b465ee728b)  -> (artifact id: '25e8ede79829890c456644d478a12c74') in 0.010850 seconds 
  Import took 0.013091 seconds .

========================================================================
Received Import Request.
  Time since last request: 850.195868 seconds.
  path: Assets/RPGPP_LT/Textures/rpgpp_lt_tex_a.tga
  artifactKey: Guid(0bb174f69c9851a48b09bf7d8180c39e) Importer(815301076,1909f56bfc062723c751e8b465ee728b)
Start importing Assets/RPGPP_LT/Textures/rpgpp_lt_tex_a.tga using Guid(0bb174f69c9851a48b09bf7d8180c39e) Importer(815301076,1909f56bfc062723c751e8b465ee728b)  -> (artifact id: 'd745d1b280c82d806a7bb815526c311e') in 0.542394 seconds 
  Import took 0.546370 seconds .

========================================================================
Received Import Request.
  Time since last request: 184.346282 seconds.
  path: Assets/RPGPP_LT
  artifactKey: Guid(bbe593d91478142ad8b9a48c7dbf67ec) Importer(815301076,1909f56bfc062723c751e8b465ee728b)
Start importing Assets/RPGPP_LT using Guid(bbe593d91478142ad8b9a48c7dbf67ec) Importer(815301076,1909f56bfc062723c751e8b465ee728b)  -> (artifact id: '04bef4e63bd393359bb6d5bcb5922711') in 0.001370 seconds 
  Import took 0.005040 seconds .

========================================================================
Received Import Request.
  Time since last request: 16.353360 seconds.
  path: Assets/RPGPP_LT/Scene
  artifactKey: Guid(807cf4ac218a00345b44c9bd6cc3bf99) Importer(815301076,1909f56bfc062723c751e8b465ee728b)
Start importing Assets/RPGPP_LT/Scene using Guid(807cf4ac218a00345b44c9bd6cc3bf99) Importer(815301076,1909f56bfc062723c751e8b465ee728b)  -> (artifact id: '0f0f77dca4f0e85411e55b07364f6950') in 0.001925 seconds 
  Import took 0.005477 seconds .

========================================================================
Received Import Request.
  Time since last request: 2.379629 seconds.
  path: Assets/RPGPP_LT/Scene/rpgpp_lt_scene_1.0.unity
  artifactKey: Guid(d2809ab9b90eea7419d8d90d4c505d35) Importer(815301076,1909f56bfc062723c751e8b465ee728b)
Start importing Assets/RPGPP_LT/Scene/rpgpp_lt_scene_1.0.unity using Guid(d2809ab9b90eea7419d8d90d4c505d35) Importer(815301076,1909f56bfc062723c751e8b465ee728b)  -> (artifact id: '65102a2bf43e02bd27edf7434d085a09') in 0.003847 seconds 
  Import took 0.007646 seconds .

========================================================================
Received Import Request.
  Time since last request: 86.765477 seconds.
  path: Assets/RPGPP_LT/GameObject.prefab
  artifactKey: Guid(3c5eb92a4f7284558b2d7a00c45a57c2) Importer(815301076,1909f56bfc062723c751e8b465ee728b)
Start importing Assets/RPGPP_LT/GameObject.prefab using Guid(3c5eb92a4f7284558b2d7a00c45a57c2) Importer(815301076,1909f56bfc062723c751e8b465ee728b)  -> (artifact id: 'cd5c12c1f0d6f70bc6a3dabb352bbd55') in 0.167027 seconds 
  Import took 0.170858 seconds .

========================================================================
Received Import Request.
  Time since last request: 12.890643 seconds.
  path: Assets/nuit.mat
  artifactKey: Guid(d4965217b9fd0484bb4e09d8f68606cc) Importer(815301076,1909f56bfc062723c751e8b465ee728b)
Start importing Assets/nuit.mat using Guid(d4965217b9fd0484bb4e09d8f68606cc) Importer(815301076,1909f56bfc062723c751e8b465ee728b)  -> (artifact id: 'ecd232ca1b0cd63098401ffb83a36ce0') in 0.064083 seconds 
  Import took 0.067317 seconds .

========================================================================
Received Import Request.
  Time since last request: 5.194029 seconds.
  path: Assets/Scenes/SampleScene.unity
  artifactKey: Guid(9fc0d4010bbf28b4594072e72b8655ab) Importer(815301076,1909f56bfc062723c751e8b465ee728b)
Start importing Assets/Scenes/SampleScene.unity using Guid(9fc0d4010bbf28b4594072e72b8655ab) Importer(815301076,1909f56bfc062723c751e8b465ee728b)  -> (artifact id: 'f23f239e374414b6ec3cab4884eca03b') in 0.003690 seconds 
  Import took 0.007399 seconds .

========================================================================
Received Import Request.
  Time since last request: 173.211278 seconds.
  path: Assets/RPGPP_LT/Materials
  artifactKey: Guid(4d3b63fcb0486f848b58d507c8d70b9e) Importer(815301076,1909f56bfc062723c751e8b465ee728b)
Start importing Assets/RPGPP_LT/Materials using Guid(4d3b63fcb0486f848b58d507c8d70b9e) Importer(815301076,1909f56bfc062723c751e8b465ee728b)  -> (artifact id: 'c5d9df4800324f528fc33db8a307a585') in 0.001589 seconds 
  Import took 0.005030 seconds .

========================================================================
Received Import Request.
  Time since last request: 0.058581 seconds.
  path: Assets/RPGPP_LT/Materials/rpgpp_lt_mat_a.mat
  artifactKey: Guid(58d53420af384224ea4cfee8973d18cb) Importer(815301076,1909f56bfc062723c751e8b465ee728b)
Start importing Assets/RPGPP_LT/Materials/rpgpp_lt_mat_a.mat using Guid(58d53420af384224ea4cfee8973d18cb) Importer(815301076,1909f56bfc062723c751e8b465ee728b)  -> (artifact id: '9f9cf383a26217c63cc0a3c5ed7538db') in 0.016726 seconds 
  Import took 0.020008 seconds .

========================================================================
Received Import Request.
  Time since last request: 1264.350999 seconds.
  path: Assets/RPGPP_LT/prefabs 1
  artifactKey: Guid(a9f98b277b7f3464ea61e0093caaad1e) Importer(815301076,1909f56bfc062723c751e8b465ee728b)
Start importing Assets/RPGPP_LT/prefabs 1 using Guid(a9f98b277b7f3464ea61e0093caaad1e) Importer(815301076,1909f56bfc062723c751e8b465ee728b)  -> (artifact id: '431fea272ccdf86d3cb2dc17d4eea7b5') in 0.002073 seconds 
  Import took 0.008918 seconds .

========================================================================
Received Import Request.
  Time since last request: 14.985590 seconds.
  path: Assets/prefabs
  artifactKey: Guid(3339c60ab74614db9a1effa74d8b5de8) Importer(815301076,1909f56bfc062723c751e8b465ee728b)
Start importing Assets/prefabs using Guid(3339c60ab74614db9a1effa74d8b5de8) Importer(815301076,1909f56bfc062723c751e8b465ee728b)  -> (artifact id: '437d8e74f91cb5576a2fe2a1a6ce3a4f') in 0.002189 seconds 
  Import took 0.004706 seconds .

========================================================================
Received Import Request.
  Time since last request: 8.535593 seconds.
  path: Assets/prefabs/GameObject Variant.prefab
  artifactKey: Guid(a8aa8e472ee3441fbb67cdb8bc2a56a5) Importer(815301076,1909f56bfc062723c751e8b465ee728b)
Start importing Assets/prefabs/GameObject Variant.prefab using Guid(a8aa8e472ee3441fbb67cdb8bc2a56a5) Importer(815301076,1909f56bfc062723c751e8b465ee728b)  -> (artifact id: '28bd0f1a4265b8e1a4e50ddcac9afe80') in 0.168498 seconds 
  Import took 0.172859 seconds .

========================================================================
Received Import Request.
  Time since last request: 726.740416 seconds.
  path: Assets/textures/nuit.mat
  artifactKey: Guid(e035bea9b38bd4434906c4298d6483ea) Importer(815301076,1909f56bfc062723c751e8b465ee728b)
Start importing Assets/textures/nuit.mat using Guid(e035bea9b38bd4434906c4298d6483ea) Importer(815301076,1909f56bfc062723c751e8b465ee728b)  -> (artifact id: '52705bdc84eb2a93c7aaf31ac27f6a0a') in 0.065095 seconds 
  Import took 0.068396 seconds .

========================================================================
Received Import Request.
  Time since last request: 0.000280 seconds.
  path: Assets/textures/usine.blend
  artifactKey: Guid(464cbdd0f97ab47cbb9a694b5b20ee71) Importer(815301076,1909f56bfc062723c751e8b465ee728b)
Start importing Assets/textures/usine.blend using Guid(464cbdd0f97ab47cbb9a694b5b20ee71) Importer(815301076,1909f56bfc062723c751e8b465ee728b)  -> (artifact id: '543565b174d743c211e5550b8338aeee') in 1.214592 seconds 
  Import took 1.219350 seconds .

